15:07:53.488 INF abc-1: listening on 127.0.0.1:5004
15:07:53.488 INF abc-2: listening on 127.0.0.1:5005
15:07:53.488 INF abc-3: listening on 127.0.0.1:5006
15:08:36.863 INF abc-1: Starting system sys-1 ...
15:08:36.863 INF                                         abc-3: Starting system sys-1 ...
15:08:36.869 INF                     abc-2: Starting system sys-1 ...
15:11:18.344 INF sys-1/abc-1/EPFD: Increased timeout to 0.20 seconds
15:11:18.344 INF sys-1/abc-2/EPFD: Increased timeout to 0.20 seconds
15:11:18.345 INF sys-1/abc-3/EPFD: Increased timeout to 0.20 seconds
15:11:18.553 INF sys-1/abc-1/EPFD: Increased timeout to 0.30 seconds
15:11:18.555 INF sys-1/abc-2/EPFD: Increased timeout to 0.30 seconds
15:11:18.763 INF sys-1/abc-3/EPFD: Increased timeout to 0.30 seconds
15:11:18.890 INF sys-1/abc-2/EPFD: Increased timeout to 0.40 seconds
15:11:18.890 INF sys-1/abc-1/EPFD: Increased timeout to 0.40 seconds
15:11:19.072 INF sys-1/abc-3/EPFD: Increased timeout to 0.40 seconds
15:11:19.515 INF sys-1/abc-3/EPFD: Increased timeout to 0.50 seconds
15:11:19.717 INF sys-1/abc-2/EPFD: Increased timeout to 0.50 seconds
15:11:20.022 INF sys-1/abc-3/EPFD: Increased timeout to 0.60 seconds
15:11:20.145 INF sys-1/abc-1/EPFD: Increased timeout to 0.50 seconds
15:11:20.245 INF sys-1/abc-2/EPFD: Increased timeout to 0.60 seconds
15:11:20.634 INF sys-1/abc-3/EPFD: Increased timeout to 0.70 seconds
15:11:20.682 INF sys-1/abc-1/EPFD: Increased timeout to 0.60 seconds
15:11:20.872 INF sys-1/abc-2/EPFD: Increased timeout to 0.70 seconds
15:11:21.296 INF sys-1/abc-1/EPFD: Increased timeout to 0.70 seconds
15:11:21.363 INF sys-1/abc-3/EPFD: Increased timeout to 0.80 seconds
15:11:21.585 INF sys-1/abc-2/EPFD: Increased timeout to 0.80 seconds
15:11:22.182 INF sys-1/abc-3/EPFD: Increased timeout to 0.90 seconds
15:11:22.406 INF sys-1/abc-2/EPFD: Increased timeout to 0.90 seconds
15:11:22.740 INF sys-1/abc-1/EPFD: Increased timeout to 0.80 seconds
15:11:23.100 INF sys-1/abc-3/EPFD: Increased timeout to 1.00 seconds
15:11:23.356 INF sys-1/abc-2/EPFD: Increased timeout to 1.00 seconds
15:11:23.563 INF sys-1/abc-1/EPFD: Increased timeout to 0.90 seconds
15:11:24.123 INF sys-1/abc-3/EPFD: Increased timeout to 1.10 seconds
15:11:24.408 INF sys-1/abc-2/EPFD: Increased timeout to 1.10 seconds
15:11:24.477 INF sys-1/abc-1/EPFD: Increased timeout to 1.00 seconds
15:11:58.875 INF abc-1: Stopping ...
15:11:58.892 INF abc-2: Stopping ...
15:11:59.901 INF abc-3: Stopping ...
